<?xml version="1.0" encoding="UTF-8"?>
<testng-results skipped="0" failed="0" total="6" passed="6">
  <reporter-output>
  </reporter-output>
  <suite name="Default suite" duration-ms="6939" started-at="2019-05-02T23:20:03Z" finished-at="2019-05-02T23:20:10Z">
    <groups>
    </groups>
    <test name="Default test" duration-ms="6939" started-at="2019-05-02T23:20:03Z" finished-at="2019-05-02T23:20:10Z">
      <class name="com.qa.test.TestTdApi">
        <test-method status="PASS" signature="setUp()[pri:0, instance:com.qa.test.TestTdApi@51565ec2]" name="setUp" is-config="true" duration-ms="227" started-at="2019-05-02T16:20:03Z" finished-at="2019-05-02T16:20:03Z">
          <reporter-output>
          </reporter-output>
        </test-method> <!-- setUp -->
        <test-method status="PASS" signature="testCreateDatabase()[pri:0, instance:com.qa.test.TestTdApi@51565ec2]" name="testCreateDatabase" duration-ms="1714" started-at="2019-05-02T16:20:03Z" finished-at="2019-05-02T16:20:05Z">
          <reporter-output>
          </reporter-output>
        </test-method> <!-- testCreateDatabase -->
        <test-method status="PASS" signature="testDeleteDatabase()[pri:0, instance:com.qa.test.TestTdApi@51565ec2]" name="testDeleteDatabase" duration-ms="599" started-at="2019-05-02T16:20:05Z" finished-at="2019-05-02T16:20:06Z">
          <reporter-output>
          </reporter-output>
        </test-method> <!-- testDeleteDatabase -->
        <test-method status="PASS" signature="testGetForAccountList()[pri:0, instance:com.qa.test.TestTdApi@51565ec2]" name="testGetForAccountList" duration-ms="887" started-at="2019-05-02T16:20:06Z" finished-at="2019-05-02T16:20:07Z">
          <reporter-output>
          </reporter-output>
        </test-method> <!-- testGetForAccountList -->
        <test-method status="PASS" signature="testGetForDatabaseList()[pri:0, instance:com.qa.test.TestTdApi@51565ec2]" name="testGetForDatabaseList" duration-ms="2188" started-at="2019-05-02T16:20:07Z" finished-at="2019-05-02T16:20:09Z">
          <reporter-output>
          </reporter-output>
        </test-method> <!-- testGetForDatabaseList -->
        <test-method status="PASS" signature="testGetTableInDatabase()[pri:0, instance:com.qa.test.TestTdApi@51565ec2]" name="testGetTableInDatabase" duration-ms="549" started-at="2019-05-02T16:20:09Z" finished-at="2019-05-02T16:20:09Z">
          <reporter-output>
          </reporter-output>
        </test-method> <!-- testGetTableInDatabase -->
        <test-method status="PASS" signature="testToVerifyStatus()[pri:0, instance:com.qa.test.TestTdApi@51565ec2]" name="testToVerifyStatus" duration-ms="761" started-at="2019-05-02T16:20:09Z" finished-at="2019-05-02T16:20:10Z">
          <reporter-output>
          </reporter-output>
        </test-method> <!-- testToVerifyStatus -->
        <test-method status="PASS" signature="afterTestRun()[pri:0, instance:com.qa.test.TestTdApi@51565ec2]" name="afterTestRun" is-config="true" duration-ms="0" started-at="2019-05-02T16:20:10Z" finished-at="2019-05-02T16:20:10Z">
          <reporter-output>
          </reporter-output>
        </test-method> <!-- afterTestRun -->
      </class> <!-- com.qa.test.TestTdApi -->
    </test> <!-- Default test -->
  </suite> <!-- Default suite -->
</testng-results>
